[2023-08-30 10:53:43,875] conftest.py->beginToend line:20 [INFO] ----------测试用例执行开始----------
[2023-08-30 10:53:59,304] conftest.py->beginToend line:28 [INFO] ----------测试用例执行结束----------

[2023-08-30 10:53:59,325] conftest.py->beginToend line:20 [INFO] ----------测试用例执行开始----------
[2023-08-30 10:54:14,522] conftest.py->beginToend line:28 [INFO] ----------测试用例执行结束----------

[2023-08-30 10:54:14,641] conftest.py->beginToend line:20 [INFO] ----------测试用例执行开始----------
[2023-08-30 10:54:29,856] conftest.py->beginToend line:28 [INFO] ----------测试用例执行结束----------

[2023-08-30 10:54:29,894] conftest.py->beginToend line:20 [INFO] ----------测试用例执行开始----------
[2023-08-30 10:59:20,893] conftest.py->beginToend line:20 [INFO] ----------测试用例执行开始----------
[2023-08-30 10:59:22,096] test_episodes.py->test_add_file line:52 [INFO] 1111
[2023-08-30 10:59:36,199] conftest.py->beginToend line:28 [INFO] ----------测试用例执行结束----------

[2023-08-30 10:59:38,294] conftest.py->beginToend line:20 [INFO] ----------测试用例执行开始----------
[2023-08-30 10:59:39,513] test_episodes.py->test_add_file line:52 [INFO] 1111
[2023-08-30 10:59:53,499] conftest.py->beginToend line:28 [INFO] ----------测试用例执行结束----------

[2023-08-30 10:59:55,687] conftest.py->beginToend line:20 [INFO] ----------测试用例执行开始----------
[2023-08-30 10:59:56,896] test_episodes.py->test_add_file line:52 [INFO] 1111
[2023-08-30 11:00:12,342] conftest.py->beginToend line:28 [INFO] ----------测试用例执行结束----------

[2023-08-30 11:00:14,433] conftest.py->beginToend line:20 [INFO] ----------测试用例执行开始----------
[2023-08-30 11:00:15,658] test_episodes.py->test_add_file line:52 [INFO] 1111
[2023-08-30 11:00:22,260] conftest.py->beginToend line:28 [INFO] ----------测试用例执行结束----------

[2023-08-30 11:14:27,912] conftest.py->beginToend line:20 [INFO] ----------测试用例执行开始----------
[2023-08-30 11:14:29,247] test_episodes.py->test_add_file line:52 [INFO] 1111
[2023-08-30 11:14:29,247] base_page.py->get line:15 [INFO] Loading url: http://admintest.xczxwe.com/admin/login.html
[2023-08-30 11:14:31,881] base_page.py->send_keys line:41 [INFO] Setting value for element: ('xpath', '/html/body/form/div[2]/input')
[2023-08-30 11:14:31,881] base_page.py->locate_element line:20 [INFO] Locating element: ('xpath', '/html/body/form/div[2]/input')
[2023-08-30 11:14:31,965] base_page.py->send_keys line:41 [INFO] Setting value for element: ('xpath', '/html/body/form/div[3]/input')
[2023-08-30 11:14:31,965] base_page.py->locate_element line:20 [INFO] Locating element: ('xpath', '/html/body/form/div[3]/input')
[2023-08-30 11:14:32,008] base_page.py->click line:64 [INFO] Clicking element: ('xpath', '/html/body/form/div[5]/button')
[2023-08-30 11:14:32,008] base_page.py->locate_element line:20 [INFO] Locating element: ('xpath', '/html/body/form/div[5]/button')
[2023-08-30 11:14:33,052] base_page.py->click line:64 [INFO] Clicking element: ('xpath', '//*[@id="sideMenu"]/div/ul/li[6]')
[2023-08-30 11:14:33,052] base_page.py->locate_element line:20 [INFO] Locating element: ('xpath', '//*[@id="sideMenu"]/div/ul/li[6]')
[2023-08-30 11:14:37,092] base_page.py->click line:64 [INFO] Clicking element: ('xpath', '//*[@id="sideMenu"]/div/ul/li[6]/dl/dd[3]/a')
[2023-08-30 11:14:37,092] base_page.py->locate_element line:20 [INFO] Locating element: ('xpath', '//*[@id="sideMenu"]/div/ul/li[6]/dl/dd[3]/a')
[2023-08-30 11:14:37,155] base_page.py->goto_frame line:75 [INFO] Entering iframe: ('xpath', '//*[@id="364"]')
[2023-08-30 11:14:37,155] base_page.py->locate_element line:20 [INFO] Locating element: ('xpath', '//*[@id="364"]')
[2023-08-30 11:14:37,233] base_page.py->click line:64 [INFO] Clicking element: ('xpath', '/html/body/div[2]/div/div/div[1]/div[1]/button[1]')
[2023-08-30 11:14:37,233] base_page.py->locate_element line:20 [INFO] Locating element: ('xpath', '/html/body/div[2]/div/div/div[1]/div[1]/button[1]')
[2023-08-30 11:14:37,995] base_page.py->goto_frame line:75 [INFO] Entering iframe: ('xpath', '//*[@id="layui-layer-iframe2"]')
[2023-08-30 11:14:37,995] base_page.py->locate_element line:20 [INFO] Locating element: ('xpath', '//*[@id="layui-layer-iframe2"]')
[2023-08-30 11:14:38,052] base_page.py->click line:64 [INFO] Clicking element: ('xpath', '/html/body/form/div[1]/div/div/div[1]/div/div/xm-select')
[2023-08-30 11:14:38,052] base_page.py->locate_element line:20 [INFO] Locating element: ('xpath', '/html/body/form/div[1]/div/div/div[1]/div/div/xm-select')
[2023-08-30 11:14:38,665] base_page.py->send_keys line:41 [INFO] Setting value for element: ('xpath', '/html/body/form/div[1]/div/div/div[1]/div/div/xm-select/div[3]/div/div/div[1]/input')
[2023-08-30 11:14:38,665] base_page.py->locate_element line:20 [INFO] Locating element: ('xpath', '/html/body/form/div[1]/div/div/div[1]/div/div/xm-select/div[3]/div/div/div[1]/input')
[2023-08-30 11:14:38,712] base_page.py->click line:64 [INFO] Clicking element: ('xpath', '/html/body/form/div[1]/div/div/div[1]/div/div/xm-select/div[3]/div/div/div[2]/div[1]/div')
[2023-08-30 11:14:38,712] base_page.py->locate_element line:20 [INFO] Locating element: ('xpath', '/html/body/form/div[1]/div/div/div[1]/div/div/xm-select/div[3]/div/div/div[2]/div[1]/div')
[2023-08-30 11:14:38,817] base_page.py->send_keys line:41 [INFO] Setting value for element: ('xpath', '//*[@id="name"]')
[2023-08-30 11:14:38,818] base_page.py->locate_element line:20 [INFO] Locating element: ('xpath', '//*[@id="name"]')
[2023-08-30 11:14:38,878] base_page.py->send_keys line:41 [INFO] Setting value for element: ('xpath', '//*[@id="desc"]')
[2023-08-30 11:14:38,878] base_page.py->locate_element line:20 [INFO] Locating element: ('xpath', '//*[@id="desc"]')
[2023-08-30 11:14:38,922] base_page.py->clear line:46 [INFO] Clearing input for element: ('xpath', '//*[@id="sort"]')
[2023-08-30 11:14:38,922] base_page.py->element_wait line:31 [INFO] Waiting for element: ('xpath', '//*[@id="sort"]')
[2023-08-30 11:14:38,930] base_page.py->locate_element line:20 [INFO] Locating element: ('xpath', '//*[@id="sort"]')
[2023-08-30 11:14:38,961] base_page.py->send_keys line:41 [INFO] Setting value for element: ('xpath', '//*[@id="sort"]')
[2023-08-30 11:14:38,961] base_page.py->locate_element line:20 [INFO] Locating element: ('xpath', '//*[@id="sort"]')
[2023-08-30 11:14:39,997] base_page.py->click line:64 [INFO] Clicking element: ('xpath', '/html/body/form/div[1]/div/div/div[6]/div/div/em')
[2023-08-30 11:14:39,997] base_page.py->locate_element line:20 [INFO] Locating element: ('xpath', '/html/body/form/div[1]/div/div/div[6]/div/div/em')
[2023-08-30 11:14:40,080] base_page.py->clear line:46 [INFO] Clearing input for element: ('xpath', '//*[@id="price"]')
[2023-08-30 11:14:40,080] base_page.py->element_wait line:31 [INFO] Waiting for element: ('xpath', '//*[@id="price"]')
[2023-08-30 11:14:40,088] base_page.py->locate_element line:20 [INFO] Locating element: ('xpath', '//*[@id="price"]')
[2023-08-30 11:14:40,112] base_page.py->send_keys line:41 [INFO] Setting value for element: ('xpath', '//*[@id="price"]')
[2023-08-30 11:14:40,112] base_page.py->locate_element line:20 [INFO] Locating element: ('xpath', '//*[@id="price"]')
[2023-08-30 11:14:40,146] base_page.py->clear line:46 [INFO] Clearing input for element: ('xpath', '//*[@id="vip_price"]')
[2023-08-30 11:14:40,147] base_page.py->element_wait line:31 [INFO] Waiting for element: ('xpath', '//*[@id="vip_price"]')
[2023-08-30 11:14:40,155] base_page.py->locate_element line:20 [INFO] Locating element: ('xpath', '//*[@id="vip_price"]')
[2023-08-30 11:14:40,221] base_page.py->send_keys line:41 [INFO] Setting value for element: ('xpath', '//*[@id="vip_price"]')
[2023-08-30 11:14:40,221] base_page.py->locate_element line:20 [INFO] Locating element: ('xpath', '//*[@id="vip_price"]')
[2023-08-30 11:14:40,258] base_page.py->clear line:46 [INFO] Clearing input for element: ('xpath', '//*[@id="num"]')
[2023-08-30 11:14:40,258] base_page.py->element_wait line:31 [INFO] Waiting for element: ('xpath', '//*[@id="num"]')
[2023-08-30 11:14:40,267] base_page.py->locate_element line:20 [INFO] Locating element: ('xpath', '//*[@id="num"]')
[2023-08-30 11:14:40,292] base_page.py->send_keys line:41 [INFO] Setting value for element: ('xpath', '//*[@id="num"]')
[2023-08-30 11:14:40,292] base_page.py->locate_element line:20 [INFO] Locating element: ('xpath', '//*[@id="num"]')
[2023-08-30 11:14:40,325] base_page.py->click line:64 [INFO] Clicking element: ('xpath', '/html/body/form/div[1]/div/div/div[11]/div/div/em')
[2023-08-30 11:14:40,325] base_page.py->locate_element line:20 [INFO] Locating element: ('xpath', '/html/body/form/div[1]/div/div/div[11]/div/div/em')
[2023-08-30 11:14:43,406] conftest.py->beginToend line:28 [INFO] ----------测试用例执行结束----------

[2023-08-30 11:14:45,503] conftest.py->beginToend line:20 [INFO] ----------测试用例执行开始----------
[2023-08-30 11:14:46,705] test_episodes.py->test_add_file line:52 [INFO] 1111
[2023-08-30 11:14:46,705] base_page.py->get line:15 [INFO] Loading url: http://admintest.xczxwe.com/admin/login.html
[2023-08-30 11:14:49,262] base_page.py->send_keys line:41 [INFO] Setting value for element: ('xpath', '/html/body/form/div[2]/input')
[2023-08-30 11:14:49,262] base_page.py->locate_element line:20 [INFO] Locating element: ('xpath', '/html/body/form/div[2]/input')
[2023-08-30 11:14:49,343] base_page.py->send_keys line:41 [INFO] Setting value for element: ('xpath', '/html/body/form/div[3]/input')
[2023-08-30 11:14:49,344] base_page.py->locate_element line:20 [INFO] Locating element: ('xpath', '/html/body/form/div[3]/input')
[2023-08-30 11:14:49,387] base_page.py->click line:64 [INFO] Clicking element: ('xpath', '/html/body/form/div[5]/button')
[2023-08-30 11:14:49,387] base_page.py->locate_element line:20 [INFO] Locating element: ('xpath', '/html/body/form/div[5]/button')
[2023-08-30 11:14:50,432] base_page.py->click line:64 [INFO] Clicking element: ('xpath', '//*[@id="sideMenu"]/div/ul/li[6]')
[2023-08-30 11:14:50,432] base_page.py->locate_element line:20 [INFO] Locating element: ('xpath', '//*[@id="sideMenu"]/div/ul/li[6]')
[2023-08-30 11:14:54,674] base_page.py->click line:64 [INFO] Clicking element: ('xpath', '//*[@id="sideMenu"]/div/ul/li[6]/dl/dd[3]/a')
[2023-08-30 11:14:54,675] base_page.py->locate_element line:20 [INFO] Locating element: ('xpath', '//*[@id="sideMenu"]/div/ul/li[6]/dl/dd[3]/a')
[2023-08-30 11:14:54,738] base_page.py->goto_frame line:75 [INFO] Entering iframe: ('xpath', '//*[@id="364"]')
[2023-08-30 11:14:54,738] base_page.py->locate_element line:20 [INFO] Locating element: ('xpath', '//*[@id="364"]')
[2023-08-30 11:14:54,860] base_page.py->click line:64 [INFO] Clicking element: ('xpath', '/html/body/div[2]/div/div/div[1]/div[1]/button[1]')
[2023-08-30 11:14:54,860] base_page.py->locate_element line:20 [INFO] Locating element: ('xpath', '/html/body/div[2]/div/div/div[1]/div[1]/button[1]')
[2023-08-30 11:14:55,604] base_page.py->goto_frame line:75 [INFO] Entering iframe: ('xpath', '//*[@id="layui-layer-iframe2"]')
[2023-08-30 11:14:55,604] base_page.py->locate_element line:20 [INFO] Locating element: ('xpath', '//*[@id="layui-layer-iframe2"]')
[2023-08-30 11:14:55,652] base_page.py->click line:64 [INFO] Clicking element: ('xpath', '/html/body/form/div[1]/div/div/div[1]/div/div/xm-select')
[2023-08-30 11:14:55,652] base_page.py->locate_element line:20 [INFO] Locating element: ('xpath', '/html/body/form/div[1]/div/div/div[1]/div/div/xm-select')
[2023-08-30 11:14:56,289] base_page.py->click line:64 [INFO] Clicking element: ('xpath', '/html/body/form/div[1]/div/div/div[1]/div/div/xm-select/div[3]/div/div/div[2]/div[1]/div')
[2023-08-30 11:14:56,289] base_page.py->locate_element line:20 [INFO] Locating element: ('xpath', '/html/body/form/div[1]/div/div/div[1]/div/div/xm-select/div[3]/div/div/div[2]/div[1]/div')
[2023-08-30 11:14:56,377] base_page.py->send_keys line:41 [INFO] Setting value for element: ('xpath', '//*[@id="name"]')
[2023-08-30 11:14:56,377] base_page.py->locate_element line:20 [INFO] Locating element: ('xpath', '//*[@id="name"]')
[2023-08-30 11:14:56,450] base_page.py->send_keys line:41 [INFO] Setting value for element: ('xpath', '//*[@id="desc"]')
[2023-08-30 11:14:56,450] base_page.py->locate_element line:20 [INFO] Locating element: ('xpath', '//*[@id="desc"]')
[2023-08-30 11:14:56,491] base_page.py->clear line:46 [INFO] Clearing input for element: ('xpath', '//*[@id="sort"]')
[2023-08-30 11:14:56,491] base_page.py->element_wait line:31 [INFO] Waiting for element: ('xpath', '//*[@id="sort"]')
[2023-08-30 11:14:56,500] base_page.py->locate_element line:20 [INFO] Locating element: ('xpath', '//*[@id="sort"]')
[2023-08-30 11:14:56,531] base_page.py->send_keys line:41 [INFO] Setting value for element: ('xpath', '//*[@id="sort"]')
[2023-08-30 11:14:56,531] base_page.py->locate_element line:20 [INFO] Locating element: ('xpath', '//*[@id="sort"]')
[2023-08-30 11:14:57,580] base_page.py->click line:64 [INFO] Clicking element: ('xpath', '/html/body/form/div[1]/div/div/div[6]/div/div/em')
[2023-08-30 11:14:57,580] base_page.py->locate_element line:20 [INFO] Locating element: ('xpath', '/html/body/form/div[1]/div/div/div[6]/div/div/em')
[2023-08-30 11:14:57,660] base_page.py->clear line:46 [INFO] Clearing input for element: ('xpath', '//*[@id="price"]')
[2023-08-30 11:14:57,660] base_page.py->element_wait line:31 [INFO] Waiting for element: ('xpath', '//*[@id="price"]')
[2023-08-30 11:14:57,669] base_page.py->locate_element line:20 [INFO] Locating element: ('xpath', '//*[@id="price"]')
[2023-08-30 11:14:57,694] base_page.py->send_keys line:41 [INFO] Setting value for element: ('xpath', '//*[@id="price"]')
[2023-08-30 11:14:57,694] base_page.py->locate_element line:20 [INFO] Locating element: ('xpath', '//*[@id="price"]')
[2023-08-30 11:14:57,728] base_page.py->clear line:46 [INFO] Clearing input for element: ('xpath', '//*[@id="vip_price"]')
[2023-08-30 11:14:57,729] base_page.py->element_wait line:31 [INFO] Waiting for element: ('xpath', '//*[@id="vip_price"]')
[2023-08-30 11:14:57,738] base_page.py->locate_element line:20 [INFO] Locating element: ('xpath', '//*[@id="vip_price"]')
[2023-08-30 11:14:57,766] base_page.py->send_keys line:41 [INFO] Setting value for element: ('xpath', '//*[@id="vip_price"]')
[2023-08-30 11:14:57,766] base_page.py->locate_element line:20 [INFO] Locating element: ('xpath', '//*[@id="vip_price"]')
[2023-08-30 11:14:57,799] base_page.py->clear line:46 [INFO] Clearing input for element: ('xpath', '//*[@id="num"]')
[2023-08-30 11:14:57,799] base_page.py->element_wait line:31 [INFO] Waiting for element: ('xpath', '//*[@id="num"]')
[2023-08-30 11:14:57,807] base_page.py->locate_element line:20 [INFO] Locating element: ('xpath', '//*[@id="num"]')
[2023-08-30 11:14:57,834] base_page.py->send_keys line:41 [INFO] Setting value for element: ('xpath', '//*[@id="num"]')
[2023-08-30 11:14:57,834] base_page.py->locate_element line:20 [INFO] Locating element: ('xpath', '//*[@id="num"]')
[2023-08-30 11:14:57,869] base_page.py->click line:64 [INFO] Clicking element: ('xpath', '/html/body/form/div[1]/div/div/div[11]/div/div/em')
[2023-08-30 11:14:57,869] base_page.py->locate_element line:20 [INFO] Locating element: ('xpath', '/html/body/form/div[1]/div/div/div[11]/div/div/em')
[2023-08-30 11:15:00,964] conftest.py->beginToend line:28 [INFO] ----------测试用例执行结束----------

[2023-08-30 11:15:03,147] conftest.py->beginToend line:20 [INFO] ----------测试用例执行开始----------
[2023-08-30 11:15:04,376] test_episodes.py->test_add_file line:52 [INFO] 1111
[2023-08-30 11:15:04,376] base_page.py->get line:15 [INFO] Loading url: http://admintest.xczxwe.com/admin/login.html
[2023-08-30 11:15:06,857] base_page.py->send_keys line:41 [INFO] Setting value for element: ('xpath', '/html/body/form/div[2]/input')
[2023-08-30 11:15:06,858] base_page.py->locate_element line:20 [INFO] Locating element: ('xpath', '/html/body/form/div[2]/input')
[2023-08-30 11:15:06,939] base_page.py->send_keys line:41 [INFO] Setting value for element: ('xpath', '/html/body/form/div[3]/input')
[2023-08-30 11:15:06,939] base_page.py->locate_element line:20 [INFO] Locating element: ('xpath', '/html/body/form/div[3]/input')
[2023-08-30 11:15:06,990] base_page.py->click line:64 [INFO] Clicking element: ('xpath', '/html/body/form/div[5]/button')
[2023-08-30 11:15:06,990] base_page.py->locate_element line:20 [INFO] Locating element: ('xpath', '/html/body/form/div[5]/button')
[2023-08-30 11:15:08,038] base_page.py->click line:64 [INFO] Clicking element: ('xpath', '//*[@id="sideMenu"]/div/ul/li[6]')
[2023-08-30 11:15:08,038] base_page.py->locate_element line:20 [INFO] Locating element: ('xpath', '//*[@id="sideMenu"]/div/ul/li[6]')
[2023-08-30 11:15:11,872] base_page.py->click line:64 [INFO] Clicking element: ('xpath', '//*[@id="sideMenu"]/div/ul/li[6]/dl/dd[3]/a')
[2023-08-30 11:15:11,872] base_page.py->locate_element line:20 [INFO] Locating element: ('xpath', '//*[@id="sideMenu"]/div/ul/li[6]/dl/dd[3]/a')
[2023-08-30 11:15:11,935] base_page.py->goto_frame line:75 [INFO] Entering iframe: ('xpath', '//*[@id="364"]')
[2023-08-30 11:15:11,935] base_page.py->locate_element line:20 [INFO] Locating element: ('xpath', '//*[@id="364"]')
[2023-08-30 11:15:12,023] base_page.py->click line:64 [INFO] Clicking element: ('xpath', '/html/body/div[2]/div/div/div[1]/div[1]/button[1]')
[2023-08-30 11:15:12,024] base_page.py->locate_element line:20 [INFO] Locating element: ('xpath', '/html/body/div[2]/div/div/div[1]/div[1]/button[1]')
[2023-08-30 11:15:12,826] base_page.py->goto_frame line:75 [INFO] Entering iframe: ('xpath', '//*[@id="layui-layer-iframe2"]')
[2023-08-30 11:15:12,826] base_page.py->locate_element line:20 [INFO] Locating element: ('xpath', '//*[@id="layui-layer-iframe2"]')
[2023-08-30 11:15:12,874] base_page.py->click line:64 [INFO] Clicking element: ('xpath', '/html/body/form/div[1]/div/div/div[1]/div/div/xm-select')
[2023-08-30 11:15:12,874] base_page.py->locate_element line:20 [INFO] Locating element: ('xpath', '/html/body/form/div[1]/div/div/div[1]/div/div/xm-select')
[2023-08-30 11:15:13,477] base_page.py->send_keys line:41 [INFO] Setting value for element: ('xpath', '/html/body/form/div[1]/div/div/div[1]/div/div/xm-select/div[3]/div/div/div[1]/input')
[2023-08-30 11:15:13,478] base_page.py->locate_element line:20 [INFO] Locating element: ('xpath', '/html/body/form/div[1]/div/div/div[1]/div/div/xm-select/div[3]/div/div/div[1]/input')
[2023-08-30 11:15:13,527] base_page.py->click line:64 [INFO] Clicking element: ('xpath', '/html/body/form/div[1]/div/div/div[1]/div/div/xm-select/div[3]/div/div/div[2]/div[1]/div')
[2023-08-30 11:15:13,527] base_page.py->locate_element line:20 [INFO] Locating element: ('xpath', '/html/body/form/div[1]/div/div/div[1]/div/div/xm-select/div[3]/div/div/div[2]/div[1]/div')
[2023-08-30 11:15:13,627] base_page.py->send_keys line:41 [INFO] Setting value for element: ('xpath', '//*[@id="name"]')
[2023-08-30 11:15:13,628] base_page.py->locate_element line:20 [INFO] Locating element: ('xpath', '//*[@id="name"]')
[2023-08-30 11:15:13,685] base_page.py->send_keys line:41 [INFO] Setting value for element: ('xpath', '//*[@id="desc"]')
[2023-08-30 11:15:13,685] base_page.py->locate_element line:20 [INFO] Locating element: ('xpath', '//*[@id="desc"]')
[2023-08-30 11:15:13,726] base_page.py->clear line:46 [INFO] Clearing input for element: ('xpath', '//*[@id="sort"]')
[2023-08-30 11:15:13,726] base_page.py->element_wait line:31 [INFO] Waiting for element: ('xpath', '//*[@id="sort"]')
[2023-08-30 11:15:13,735] base_page.py->locate_element line:20 [INFO] Locating element: ('xpath', '//*[@id="sort"]')
[2023-08-30 11:15:13,767] base_page.py->send_keys line:41 [INFO] Setting value for element: ('xpath', '//*[@id="sort"]')
[2023-08-30 11:15:13,767] base_page.py->locate_element line:20 [INFO] Locating element: ('xpath', '//*[@id="sort"]')
[2023-08-30 11:15:14,813] base_page.py->click line:64 [INFO] Clicking element: ('xpath', '/html/body/form/div[1]/div/div/div[6]/div/div/em')
[2023-08-30 11:15:14,813] base_page.py->locate_element line:20 [INFO] Locating element: ('xpath', '/html/body/form/div[1]/div/div/div[6]/div/div/em')
[2023-08-30 11:15:14,911] base_page.py->clear line:46 [INFO] Clearing input for element: ('xpath', '//*[@id="price"]')
[2023-08-30 11:15:14,911] base_page.py->element_wait line:31 [INFO] Waiting for element: ('xpath', '//*[@id="price"]')
[2023-08-30 11:15:14,920] base_page.py->locate_element line:20 [INFO] Locating element: ('xpath', '//*[@id="price"]')
[2023-08-30 11:15:14,946] base_page.py->send_keys line:41 [INFO] Setting value for element: ('xpath', '//*[@id="price"]')
[2023-08-30 11:15:14,946] base_page.py->locate_element line:20 [INFO] Locating element: ('xpath', '//*[@id="price"]')
[2023-08-30 11:15:14,984] base_page.py->clear line:46 [INFO] Clearing input for element: ('xpath', '//*[@id="vip_price"]')
[2023-08-30 11:15:14,984] base_page.py->element_wait line:31 [INFO] Waiting for element: ('xpath', '//*[@id="vip_price"]')
[2023-08-30 11:15:14,992] base_page.py->locate_element line:20 [INFO] Locating element: ('xpath', '//*[@id="vip_price"]')
[2023-08-30 11:15:15,020] base_page.py->send_keys line:41 [INFO] Setting value for element: ('xpath', '//*[@id="vip_price"]')
[2023-08-30 11:15:15,021] base_page.py->locate_element line:20 [INFO] Locating element: ('xpath', '//*[@id="vip_price"]')
[2023-08-30 11:15:15,057] base_page.py->clear line:46 [INFO] Clearing input for element: ('xpath', '//*[@id="num"]')
[2023-08-30 11:15:15,057] base_page.py->element_wait line:31 [INFO] Waiting for element: ('xpath', '//*[@id="num"]')
[2023-08-30 11:15:15,066] base_page.py->locate_element line:20 [INFO] Locating element: ('xpath', '//*[@id="num"]')
[2023-08-30 11:15:15,091] base_page.py->send_keys line:41 [INFO] Setting value for element: ('xpath', '//*[@id="num"]')
[2023-08-30 11:15:15,092] base_page.py->locate_element line:20 [INFO] Locating element: ('xpath', '//*[@id="num"]')
[2023-08-30 11:15:15,129] base_page.py->click line:64 [INFO] Clicking element: ('xpath', '/html/body/form/div[1]/div/div/div[11]/div/div/em')
[2023-08-30 11:15:15,129] base_page.py->locate_element line:20 [INFO] Locating element: ('xpath', '/html/body/form/div[1]/div/div/div[11]/div/div/em')
[2023-08-30 11:15:18,207] conftest.py->beginToend line:28 [INFO] ----------测试用例执行结束----------

[2023-08-30 11:15:20,290] conftest.py->beginToend line:20 [INFO] ----------测试用例执行开始----------
[2023-08-30 11:15:21,505] test_episodes.py->test_add_file line:52 [INFO] 1111
[2023-08-30 11:15:21,505] base_page.py->get line:15 [INFO] Loading url: http://admintest.xczxwe.com/admin/login.html
[2023-08-30 11:15:23,953] base_page.py->send_keys line:41 [INFO] Setting value for element: ('xpath', '/html/body/form/div[2]/input')
[2023-08-30 11:15:23,954] base_page.py->locate_element line:20 [INFO] Locating element: ('xpath', '/html/body/form/div[2]/input')
[2023-08-30 11:15:24,038] base_page.py->send_keys line:41 [INFO] Setting value for element: ('xpath', '/html/body/form/div[3]/input')
[2023-08-30 11:15:24,039] base_page.py->locate_element line:20 [INFO] Locating element: ('xpath', '/html/body/form/div[3]/input')
[2023-08-30 11:15:24,082] base_page.py->click line:64 [INFO] Clicking element: ('xpath', '/html/body/form/div[5]/button')
[2023-08-30 11:15:24,082] base_page.py->locate_element line:20 [INFO] Locating element: ('xpath', '/html/body/form/div[5]/button')
[2023-08-30 11:15:25,133] base_page.py->click line:64 [INFO] Clicking element: ('xpath', '//*[@id="sideMenu"]/div/ul/li[6]')
[2023-08-30 11:15:25,133] base_page.py->locate_element line:20 [INFO] Locating element: ('xpath', '//*[@id="sideMenu"]/div/ul/li[6]')
[2023-08-30 11:15:28,942] base_page.py->click line:64 [INFO] Clicking element: ('xpath', '//*[@id="sideMenu"]/div/ul/li[6]/dl/dd[3]/a')
[2023-08-30 11:15:28,942] base_page.py->locate_element line:20 [INFO] Locating element: ('xpath', '//*[@id="sideMenu"]/div/ul/li[6]/dl/dd[3]/a')
[2023-08-30 11:15:29,006] base_page.py->goto_frame line:75 [INFO] Entering iframe: ('xpath', '//*[@id="364"]')
[2023-08-30 11:15:29,006] base_page.py->locate_element line:20 [INFO] Locating element: ('xpath', '//*[@id="364"]')
[2023-08-30 11:15:29,086] base_page.py->click line:64 [INFO] Clicking element: ('xpath', '/html/body/div[2]/div/div/div[1]/div[1]/button[1]')
[2023-08-30 11:15:29,086] base_page.py->locate_element line:20 [INFO] Locating element: ('xpath', '/html/body/div[2]/div/div/div[1]/div[1]/button[1]')
[2023-08-30 11:15:29,865] base_page.py->goto_frame line:75 [INFO] Entering iframe: ('xpath', '//*[@id="layui-layer-iframe2"]')
[2023-08-30 11:15:29,865] base_page.py->locate_element line:20 [INFO] Locating element: ('xpath', '//*[@id="layui-layer-iframe2"]')
[2023-08-30 11:15:29,967] base_page.py->click line:64 [INFO] Clicking element: ('xpath', '/html/body/form/div[1]/div/div/div[1]/div/div/xm-select')
[2023-08-30 11:15:29,968] base_page.py->locate_element line:20 [INFO] Locating element: ('xpath', '/html/body/form/div[1]/div/div/div[1]/div/div/xm-select')
[2023-08-30 11:15:30,595] base_page.py->click line:64 [INFO] Clicking element: ('xpath', '/html/body/form/div[1]/div/div/div[1]/div/div/xm-select/div[3]/div/div/div[2]/div[1]/div')
[2023-08-30 11:15:30,595] base_page.py->locate_element line:20 [INFO] Locating element: ('xpath', '/html/body/form/div[1]/div/div/div[1]/div/div/xm-select/div[3]/div/div/div[2]/div[1]/div')
[2023-08-30 11:15:30,681] base_page.py->send_keys line:41 [INFO] Setting value for element: ('xpath', '//*[@id="name"]')
[2023-08-30 11:15:30,681] base_page.py->locate_element line:20 [INFO] Locating element: ('xpath', '//*[@id="name"]')
[2023-08-30 11:15:30,753] base_page.py->send_keys line:41 [INFO] Setting value for element: ('xpath', '//*[@id="desc"]')
[2023-08-30 11:15:30,753] base_page.py->locate_element line:20 [INFO] Locating element: ('xpath', '//*[@id="desc"]')
[2023-08-30 11:15:30,793] base_page.py->clear line:46 [INFO] Clearing input for element: ('xpath', '//*[@id="sort"]')
[2023-08-30 11:15:30,793] base_page.py->element_wait line:31 [INFO] Waiting for element: ('xpath', '//*[@id="sort"]')
[2023-08-30 11:15:30,802] base_page.py->locate_element line:20 [INFO] Locating element: ('xpath', '//*[@id="sort"]')
[2023-08-30 11:15:30,833] base_page.py->send_keys line:41 [INFO] Setting value for element: ('xpath', '//*[@id="sort"]')
[2023-08-30 11:15:30,834] base_page.py->locate_element line:20 [INFO] Locating element: ('xpath', '//*[@id="sort"]')
[2023-08-30 11:15:31,882] base_page.py->click line:64 [INFO] Clicking element: ('xpath', '/html/body/form/div[1]/div/div/div[6]/div/div/em')
[2023-08-30 11:15:31,882] base_page.py->locate_element line:20 [INFO] Locating element: ('xpath', '/html/body/form/div[1]/div/div/div[6]/div/div/em')
[2023-08-30 11:15:31,966] base_page.py->clear line:46 [INFO] Clearing input for element: ('xpath', '//*[@id="price"]')
[2023-08-30 11:15:31,966] base_page.py->element_wait line:31 [INFO] Waiting for element: ('xpath', '//*[@id="price"]')
[2023-08-30 11:15:31,974] base_page.py->locate_element line:20 [INFO] Locating element: ('xpath', '//*[@id="price"]')
[2023-08-30 11:15:31,999] base_page.py->send_keys line:41 [INFO] Setting value for element: ('xpath', '//*[@id="price"]')
[2023-08-30 11:15:31,999] base_page.py->locate_element line:20 [INFO] Locating element: ('xpath', '//*[@id="price"]')
[2023-08-30 11:15:32,035] base_page.py->clear line:46 [INFO] Clearing input for element: ('xpath', '//*[@id="vip_price"]')
[2023-08-30 11:15:32,035] base_page.py->element_wait line:31 [INFO] Waiting for element: ('xpath', '//*[@id="vip_price"]')
[2023-08-30 11:15:32,048] base_page.py->locate_element line:20 [INFO] Locating element: ('xpath', '//*[@id="vip_price"]')
[2023-08-30 11:15:32,075] base_page.py->send_keys line:41 [INFO] Setting value for element: ('xpath', '//*[@id="vip_price"]')
[2023-08-30 11:15:32,075] base_page.py->locate_element line:20 [INFO] Locating element: ('xpath', '//*[@id="vip_price"]')
[2023-08-30 11:15:32,108] base_page.py->clear line:46 [INFO] Clearing input for element: ('xpath', '//*[@id="num"]')
[2023-08-30 11:15:32,108] base_page.py->element_wait line:31 [INFO] Waiting for element: ('xpath', '//*[@id="num"]')
[2023-08-30 11:15:32,116] base_page.py->locate_element line:20 [INFO] Locating element: ('xpath', '//*[@id="num"]')
[2023-08-30 11:15:32,140] base_page.py->send_keys line:41 [INFO] Setting value for element: ('xpath', '//*[@id="num"]')
[2023-08-30 11:15:32,140] base_page.py->locate_element line:20 [INFO] Locating element: ('xpath', '//*[@id="num"]')
[2023-08-30 11:15:32,172] base_page.py->click line:64 [INFO] Clicking element: ('xpath', '/html/body/form/div[1]/div/div/div[11]/div/div/em')
[2023-08-30 11:15:32,172] base_page.py->locate_element line:20 [INFO] Locating element: ('xpath', '/html/body/form/div[1]/div/div/div[11]/div/div/em')
[2023-08-30 11:15:35,262] conftest.py->beginToend line:28 [INFO] ----------测试用例执行结束----------

[2023-08-30 11:17:57,148] conftest.py->beginToend line:20 [INFO] ----------测试用例执行开始----------
[2023-08-30 11:17:58,381] test_episodes.py->test_add_file line:52 [INFO] 1111
[2023-08-30 11:17:58,381] base_page.py->get line:15 [INFO] Loading url: http://admintest.xczxwe.com/admin/login.html
[2023-08-30 11:18:00,858] base_page.py->send_keys line:41 [INFO] Setting value for element: ('xpath', '/html/body/form/div[2]/input')
[2023-08-30 11:18:00,858] base_page.py->locate_element line:20 [INFO] Locating element: ('xpath', '/html/body/form/div[2]/input')
[2023-08-30 11:18:00,918] base_page.py->send_keys line:41 [INFO] Setting value for element: ('xpath', '/html/body/form/div[3]/input')
[2023-08-30 11:18:00,918] base_page.py->locate_element line:20 [INFO] Locating element: ('xpath', '/html/body/form/div[3]/input')
[2023-08-30 11:18:00,965] base_page.py->click line:64 [INFO] Clicking element: ('xpath', '/html/body/form/div[5]/button')
[2023-08-30 11:18:00,965] base_page.py->locate_element line:20 [INFO] Locating element: ('xpath', '/html/body/form/div[5]/button')
[2023-08-30 11:18:02,017] base_page.py->click line:64 [INFO] Clicking element: ('xpath', '//*[@id="sideMenu"]/div/ul/li[6]')
[2023-08-30 11:18:02,017] base_page.py->locate_element line:20 [INFO] Locating element: ('xpath', '//*[@id="sideMenu"]/div/ul/li[6]')
[2023-08-30 11:18:05,909] base_page.py->click line:64 [INFO] Clicking element: ('xpath', '//*[@id="sideMenu"]/div/ul/li[6]/dl/dd[3]/a')
[2023-08-30 11:18:05,909] base_page.py->locate_element line:20 [INFO] Locating element: ('xpath', '//*[@id="sideMenu"]/div/ul/li[6]/dl/dd[3]/a')
[2023-08-30 11:18:05,972] base_page.py->goto_frame line:75 [INFO] Entering iframe: ('xpath', '//*[@id="364"]')
[2023-08-30 11:18:05,972] base_page.py->locate_element line:20 [INFO] Locating element: ('xpath', '//*[@id="364"]')
[2023-08-30 11:18:06,048] base_page.py->click line:64 [INFO] Clicking element: ('xpath', '/html/body/div[2]/div/div/div[1]/div[1]/button[1]')
[2023-08-30 11:18:06,048] base_page.py->locate_element line:20 [INFO] Locating element: ('xpath', '/html/body/div[2]/div/div/div[1]/div[1]/button[1]')
[2023-08-30 11:18:06,799] base_page.py->goto_frame line:75 [INFO] Entering iframe: ('xpath', '//*[@id="layui-layer-iframe2"]')
[2023-08-30 11:18:06,799] base_page.py->locate_element line:20 [INFO] Locating element: ('xpath', '//*[@id="layui-layer-iframe2"]')
[2023-08-30 11:18:06,847] base_page.py->click line:64 [INFO] Clicking element: ('xpath', '/html/body/form/div[1]/div/div/div[1]/div/div/xm-select')
[2023-08-30 11:18:06,847] base_page.py->locate_element line:20 [INFO] Locating element: ('xpath', '/html/body/form/div[1]/div/div/div[1]/div/div/xm-select')
[2023-08-30 11:18:07,458] base_page.py->send_keys line:41 [INFO] Setting value for element: ('xpath', '/html/body/form/div[1]/div/div/div[1]/div/div/xm-select/div[3]/div/div/div[1]/input')
[2023-08-30 11:18:07,458] base_page.py->locate_element line:20 [INFO] Locating element: ('xpath', '/html/body/form/div[1]/div/div/div[1]/div/div/xm-select/div[3]/div/div/div[1]/input')
[2023-08-30 11:18:07,506] base_page.py->click line:64 [INFO] Clicking element: ('xpath', '/html/body/form/div[1]/div/div/div[1]/div/div/xm-select/div[3]/div/div/div[2]/div[1]/div')
[2023-08-30 11:18:07,506] base_page.py->locate_element line:20 [INFO] Locating element: ('xpath', '/html/body/form/div[1]/div/div/div[1]/div/div/xm-select/div[3]/div/div/div[2]/div[1]/div')
[2023-08-30 11:18:07,605] base_page.py->send_keys line:41 [INFO] Setting value for element: ('xpath', '//*[@id="name1"]')
[2023-08-30 11:18:07,605] base_page.py->locate_element line:20 [INFO] Locating element: ('xpath', '//*[@id="name1"]')
[2023-08-30 11:18:37,877] conftest.py->beginToend line:28 [INFO] ----------测试用例执行结束----------

[2023-08-30 11:18:39,957] conftest.py->beginToend line:20 [INFO] ----------测试用例执行开始----------
[2023-08-30 11:18:41,181] test_episodes.py->test_add_file line:52 [INFO] 1111
[2023-08-30 11:18:41,181] base_page.py->get line:15 [INFO] Loading url: http://admintest.xczxwe.com/admin/login.html
[2023-08-30 11:18:43,674] base_page.py->send_keys line:41 [INFO] Setting value for element: ('xpath', '/html/body/form/div[2]/input')
[2023-08-30 11:18:43,674] base_page.py->locate_element line:20 [INFO] Locating element: ('xpath', '/html/body/form/div[2]/input')
[2023-08-30 11:18:43,756] base_page.py->send_keys line:41 [INFO] Setting value for element: ('xpath', '/html/body/form/div[3]/input')
[2023-08-30 11:18:43,756] base_page.py->locate_element line:20 [INFO] Locating element: ('xpath', '/html/body/form/div[3]/input')
[2023-08-30 11:18:43,800] base_page.py->click line:64 [INFO] Clicking element: ('xpath', '/html/body/form/div[5]/button')
[2023-08-30 11:18:43,800] base_page.py->locate_element line:20 [INFO] Locating element: ('xpath', '/html/body/form/div[5]/button')
[2023-08-30 11:18:44,848] base_page.py->click line:64 [INFO] Clicking element: ('xpath', '//*[@id="sideMenu"]/div/ul/li[6]')
[2023-08-30 11:18:44,848] base_page.py->locate_element line:20 [INFO] Locating element: ('xpath', '//*[@id="sideMenu"]/div/ul/li[6]')
[2023-08-30 11:18:48,466] base_page.py->click line:64 [INFO] Clicking element: ('xpath', '//*[@id="sideMenu"]/div/ul/li[6]/dl/dd[3]/a')
[2023-08-30 11:18:48,466] base_page.py->locate_element line:20 [INFO] Locating element: ('xpath', '//*[@id="sideMenu"]/div/ul/li[6]/dl/dd[3]/a')
[2023-08-30 11:18:48,528] base_page.py->goto_frame line:75 [INFO] Entering iframe: ('xpath', '//*[@id="364"]')
[2023-08-30 11:18:48,528] base_page.py->locate_element line:20 [INFO] Locating element: ('xpath', '//*[@id="364"]')
[2023-08-30 11:18:48,608] base_page.py->click line:64 [INFO] Clicking element: ('xpath', '/html/body/div[2]/div/div/div[1]/div[1]/button[1]')
[2023-08-30 11:18:48,608] base_page.py->locate_element line:20 [INFO] Locating element: ('xpath', '/html/body/div[2]/div/div/div[1]/div[1]/button[1]')
[2023-08-30 11:18:49,384] base_page.py->goto_frame line:75 [INFO] Entering iframe: ('xpath', '//*[@id="layui-layer-iframe2"]')
[2023-08-30 11:18:49,384] base_page.py->locate_element line:20 [INFO] Locating element: ('xpath', '//*[@id="layui-layer-iframe2"]')
[2023-08-30 11:18:49,432] base_page.py->click line:64 [INFO] Clicking element: ('xpath', '/html/body/form/div[1]/div/div/div[1]/div/div/xm-select')
[2023-08-30 11:18:49,432] base_page.py->locate_element line:20 [INFO] Locating element: ('xpath', '/html/body/form/div[1]/div/div/div[1]/div/div/xm-select')
[2023-08-30 11:18:50,063] base_page.py->click line:64 [INFO] Clicking element: ('xpath', '/html/body/form/div[1]/div/div/div[1]/div/div/xm-select/div[3]/div/div/div[2]/div[1]/div')
[2023-08-30 11:18:50,063] base_page.py->locate_element line:20 [INFO] Locating element: ('xpath', '/html/body/form/div[1]/div/div/div[1]/div/div/xm-select/div[3]/div/div/div[2]/div[1]/div')
[2023-08-30 11:18:50,157] base_page.py->send_keys line:41 [INFO] Setting value for element: ('xpath', '//*[@id="name1"]')
[2023-08-30 11:18:50,157] base_page.py->locate_element line:20 [INFO] Locating element: ('xpath', '//*[@id="name1"]')
[2023-08-30 11:19:20,426] conftest.py->beginToend line:28 [INFO] ----------测试用例执行结束----------

[2023-08-30 11:19:22,611] conftest.py->beginToend line:20 [INFO] ----------测试用例执行开始----------
[2023-08-30 11:19:23,837] test_episodes.py->test_add_file line:52 [INFO] 1111
[2023-08-30 11:19:23,837] base_page.py->get line:15 [INFO] Loading url: http://admintest.xczxwe.com/admin/login.html
[2023-08-30 11:19:26,292] base_page.py->send_keys line:41 [INFO] Setting value for element: ('xpath', '/html/body/form/div[2]/input')
[2023-08-30 11:19:26,293] base_page.py->locate_element line:20 [INFO] Locating element: ('xpath', '/html/body/form/div[2]/input')
[2023-08-30 11:19:26,356] base_page.py->send_keys line:41 [INFO] Setting value for element: ('xpath', '/html/body/form/div[3]/input')
[2023-08-30 11:19:26,356] base_page.py->locate_element line:20 [INFO] Locating element: ('xpath', '/html/body/form/div[3]/input')
[2023-08-30 11:19:26,404] base_page.py->click line:64 [INFO] Clicking element: ('xpath', '/html/body/form/div[5]/button')
[2023-08-30 11:19:26,404] base_page.py->locate_element line:20 [INFO] Locating element: ('xpath', '/html/body/form/div[5]/button')
[2023-08-30 11:19:27,456] base_page.py->click line:64 [INFO] Clicking element: ('xpath', '//*[@id="sideMenu"]/div/ul/li[6]')
[2023-08-30 11:19:27,457] base_page.py->locate_element line:20 [INFO] Locating element: ('xpath', '//*[@id="sideMenu"]/div/ul/li[6]')
[2023-08-30 11:19:31,111] base_page.py->click line:64 [INFO] Clicking element: ('xpath', '//*[@id="sideMenu"]/div/ul/li[6]/dl/dd[3]/a')
[2023-08-30 11:19:31,111] base_page.py->locate_element line:20 [INFO] Locating element: ('xpath', '//*[@id="sideMenu"]/div/ul/li[6]/dl/dd[3]/a')
[2023-08-30 11:19:31,174] base_page.py->goto_frame line:75 [INFO] Entering iframe: ('xpath', '//*[@id="364"]')
[2023-08-30 11:19:31,174] base_page.py->locate_element line:20 [INFO] Locating element: ('xpath', '//*[@id="364"]')
[2023-08-30 11:19:31,245] base_page.py->click line:64 [INFO] Clicking element: ('xpath', '/html/body/div[2]/div/div/div[1]/div[1]/button[1]')
[2023-08-30 11:19:31,245] base_page.py->locate_element line:20 [INFO] Locating element: ('xpath', '/html/body/div[2]/div/div/div[1]/div[1]/button[1]')
[2023-08-30 11:19:31,998] base_page.py->goto_frame line:75 [INFO] Entering iframe: ('xpath', '//*[@id="layui-layer-iframe2"]')
[2023-08-30 11:19:31,998] base_page.py->locate_element line:20 [INFO] Locating element: ('xpath', '//*[@id="layui-layer-iframe2"]')
[2023-08-30 11:19:32,048] base_page.py->click line:64 [INFO] Clicking element: ('xpath', '/html/body/form/div[1]/div/div/div[1]/div/div/xm-select')
[2023-08-30 11:19:32,048] base_page.py->locate_element line:20 [INFO] Locating element: ('xpath', '/html/body/form/div[1]/div/div/div[1]/div/div/xm-select')
[2023-08-30 11:19:32,656] base_page.py->send_keys line:41 [INFO] Setting value for element: ('xpath', '/html/body/form/div[1]/div/div/div[1]/div/div/xm-select/div[3]/div/div/div[1]/input')
[2023-08-30 11:19:32,656] base_page.py->locate_element line:20 [INFO] Locating element: ('xpath', '/html/body/form/div[1]/div/div/div[1]/div/div/xm-select/div[3]/div/div/div[1]/input')
[2023-08-30 11:19:32,705] base_page.py->click line:64 [INFO] Clicking element: ('xpath', '/html/body/form/div[1]/div/div/div[1]/div/div/xm-select/div[3]/div/div/div[2]/div[1]/div')
[2023-08-30 11:19:32,705] base_page.py->locate_element line:20 [INFO] Locating element: ('xpath', '/html/body/form/div[1]/div/div/div[1]/div/div/xm-select/div[3]/div/div/div[2]/div[1]/div')
[2023-08-30 11:19:32,806] base_page.py->send_keys line:41 [INFO] Setting value for element: ('xpath', '//*[@id="name1"]')
[2023-08-30 11:19:32,806] base_page.py->locate_element line:20 [INFO] Locating element: ('xpath', '//*[@id="name1"]')
[2023-08-30 11:20:02,874] conftest.py->beginToend line:28 [INFO] ----------测试用例执行结束----------

[2023-08-30 11:20:04,949] conftest.py->beginToend line:20 [INFO] ----------测试用例执行开始----------
[2023-08-30 11:20:06,149] test_episodes.py->test_add_file line:52 [INFO] 1111
[2023-08-30 11:20:06,149] base_page.py->get line:15 [INFO] Loading url: http://admintest.xczxwe.com/admin/login.html
[2023-08-30 11:20:08,652] base_page.py->send_keys line:41 [INFO] Setting value for element: ('xpath', '/html/body/form/div[2]/input')
[2023-08-30 11:20:08,653] base_page.py->locate_element line:20 [INFO] Locating element: ('xpath', '/html/body/form/div[2]/input')
[2023-08-30 11:20:08,709] base_page.py->send_keys line:41 [INFO] Setting value for element: ('xpath', '/html/body/form/div[3]/input')
[2023-08-30 11:20:08,709] base_page.py->locate_element line:20 [INFO] Locating element: ('xpath', '/html/body/form/div[3]/input')
[2023-08-30 11:20:08,747] base_page.py->click line:64 [INFO] Clicking element: ('xpath', '/html/body/form/div[5]/button')
[2023-08-30 11:20:08,747] base_page.py->locate_element line:20 [INFO] Locating element: ('xpath', '/html/body/form/div[5]/button')
[2023-08-30 11:20:09,795] base_page.py->click line:64 [INFO] Clicking element: ('xpath', '//*[@id="sideMenu"]/div/ul/li[6]')
[2023-08-30 11:20:09,795] base_page.py->locate_element line:20 [INFO] Locating element: ('xpath', '//*[@id="sideMenu"]/div/ul/li[6]')
[2023-08-30 11:20:16,046] base_page.py->click line:64 [INFO] Clicking element: ('xpath', '//*[@id="sideMenu"]/div/ul/li[6]/dl/dd[3]/a')
[2023-08-30 11:20:16,046] base_page.py->locate_element line:20 [INFO] Locating element: ('xpath', '//*[@id="sideMenu"]/div/ul/li[6]/dl/dd[3]/a')
[2023-08-30 11:20:16,126] base_page.py->goto_frame line:75 [INFO] Entering iframe: ('xpath', '//*[@id="364"]')
[2023-08-30 11:20:16,126] base_page.py->locate_element line:20 [INFO] Locating element: ('xpath', '//*[@id="364"]')
[2023-08-30 11:20:16,214] base_page.py->click line:64 [INFO] Clicking element: ('xpath', '/html/body/div[2]/div/div/div[1]/div[1]/button[1]')
[2023-08-30 11:20:16,214] base_page.py->locate_element line:20 [INFO] Locating element: ('xpath', '/html/body/div[2]/div/div/div[1]/div[1]/button[1]')
[2023-08-30 11:20:16,989] base_page.py->goto_frame line:75 [INFO] Entering iframe: ('xpath', '//*[@id="layui-layer-iframe2"]')
[2023-08-30 11:20:16,989] base_page.py->locate_element line:20 [INFO] Locating element: ('xpath', '//*[@id="layui-layer-iframe2"]')
[2023-08-30 11:20:17,039] base_page.py->click line:64 [INFO] Clicking element: ('xpath', '/html/body/form/div[1]/div/div/div[1]/div/div/xm-select')
[2023-08-30 11:20:17,040] base_page.py->locate_element line:20 [INFO] Locating element: ('xpath', '/html/body/form/div[1]/div/div/div[1]/div/div/xm-select')
[2023-08-30 11:20:17,633] base_page.py->click line:64 [INFO] Clicking element: ('xpath', '/html/body/form/div[1]/div/div/div[1]/div/div/xm-select/div[3]/div/div/div[2]/div[1]/div')
[2023-08-30 11:20:17,634] base_page.py->locate_element line:20 [INFO] Locating element: ('xpath', '/html/body/form/div[1]/div/div/div[1]/div/div/xm-select/div[3]/div/div/div[2]/div[1]/div')
[2023-08-30 11:20:17,724] base_page.py->send_keys line:41 [INFO] Setting value for element: ('xpath', '//*[@id="name1"]')
[2023-08-30 11:20:17,725] base_page.py->locate_element line:20 [INFO] Locating element: ('xpath', '//*[@id="name1"]')
[2023-08-30 11:25:59,774] logger_util.py-><module> line:110 [INFO] 普通信息
[2023-08-30 11:25:59,774] logger_util.py-><module> line:112 [WARNING] 警告信息
[2023-08-30 11:25:59,775] logger_util.py-><module> line:113 [ERROR] 错误信息
[2023-08-30 11:25:59,775] logger_util.py-><module> line:114 [CRITICAL] 严重错误
[2023-08-30 11:26:18,406] logger_util.py-><module> line:110 [INFO] 普通信息
[2023-08-30 11:26:18,407] logger_util.py-><module> line:112 [WARNING] 警告信息
[2023-08-30 11:26:18,407] logger_util.py-><module> line:113 [ERROR] 错误信息
[2023-08-30 11:26:18,407] logger_util.py-><module> line:114 [CRITICAL] 严重错误
[2023-08-30 11:26:25,499] conftest.py->beginToend line:25 [INFO] ----------测试用例执行开始----------
[2023-08-30 11:26:26,721] test_episodes.py->test_add_file line:52 [INFO] 1111
[2023-08-30 11:26:26,721] base_page.py->get line:15 [INFO] Loading url: http://admintest.xczxwe.com/admin/login.html
[2023-08-30 11:26:29,164] base_page.py->send_keys line:41 [INFO] Setting value for element: ('xpath', '/html/body/form/div[2]/input')
[2023-08-30 11:26:29,164] base_page.py->locate_element line:20 [INFO] Locating element: ('xpath', '/html/body/form/div[2]/input')
[2023-08-30 11:26:29,218] base_page.py->send_keys line:41 [INFO] Setting value for element: ('xpath', '/html/body/form/div[3]/input')
[2023-08-30 11:26:29,218] base_page.py->locate_element line:20 [INFO] Locating element: ('xpath', '/html/body/form/div[3]/input')
[2023-08-30 11:26:29,259] base_page.py->click line:64 [INFO] Clicking element: ('xpath', '/html/body/form/div[5]/button')
[2023-08-30 11:26:29,260] base_page.py->locate_element line:20 [INFO] Locating element: ('xpath', '/html/body/form/div[5]/button')
[2023-08-30 11:26:30,303] base_page.py->click line:64 [INFO] Clicking element: ('xpath', '//*[@id="sideMenu"]/div/ul/li[6]')
[2023-08-30 11:26:30,303] base_page.py->locate_element line:20 [INFO] Locating element: ('xpath', '//*[@id="sideMenu"]/div/ul/li[6]')
[2023-08-30 11:26:34,205] base_page.py->click line:64 [INFO] Clicking element: ('xpath', '//*[@id="sideMenu"]/div/ul/li[6]/dl/dd[3]/a')
[2023-08-30 11:26:34,205] base_page.py->locate_element line:20 [INFO] Locating element: ('xpath', '//*[@id="sideMenu"]/div/ul/li[6]/dl/dd[3]/a')
[2023-08-30 11:26:34,255] base_page.py->goto_frame line:75 [INFO] Entering iframe: ('xpath', '//*[@id="364"]')
[2023-08-30 11:26:34,255] base_page.py->locate_element line:20 [INFO] Locating element: ('xpath', '//*[@id="364"]')
[2023-08-30 11:26:34,335] base_page.py->click line:64 [INFO] Clicking element: ('xpath', '/html/body/div[2]/div/div/div[1]/div[1]/button[1]')
[2023-08-30 11:26:34,335] base_page.py->locate_element line:20 [INFO] Locating element: ('xpath', '/html/body/div[2]/div/div/div[1]/div[1]/button[1]')
[2023-08-30 11:26:35,159] base_page.py->goto_frame line:75 [INFO] Entering iframe: ('xpath', '//*[@id="layui-layer-iframe2"]')
[2023-08-30 11:26:35,160] base_page.py->locate_element line:20 [INFO] Locating element: ('xpath', '//*[@id="layui-layer-iframe2"]')
[2023-08-30 11:26:35,211] base_page.py->click line:64 [INFO] Clicking element: ('xpath', '/html/body/form/div[1]/div/div/div[1]/div/div/xm-select')
[2023-08-30 11:26:35,211] base_page.py->locate_element line:20 [INFO] Locating element: ('xpath', '/html/body/form/div[1]/div/div/div[1]/div/div/xm-select')
[2023-08-30 11:26:35,814] base_page.py->send_keys line:41 [INFO] Setting value for element: ('xpath', '/html/body/form/div[1]/div/div/div[1]/div/div/xm-select/div[3]/div/div/div[1]/input')
[2023-08-30 11:26:35,815] base_page.py->locate_element line:20 [INFO] Locating element: ('xpath', '/html/body/form/div[1]/div/div/div[1]/div/div/xm-select/div[3]/div/div/div[1]/input')
[2023-08-30 11:26:35,862] base_page.py->click line:64 [INFO] Clicking element: ('xpath', '/html/body/form/div[1]/div/div/div[1]/div/div/xm-select/div[3]/div/div/div[2]/div[1]/div')
[2023-08-30 11:26:35,862] base_page.py->locate_element line:20 [INFO] Locating element: ('xpath', '/html/body/form/div[1]/div/div/div[1]/div/div/xm-select/div[3]/div/div/div[2]/div[1]/div')
[2023-08-30 11:26:35,963] base_page.py->send_keys line:41 [INFO] Setting value for element: ('xpath', '//*[@id="name1"]')
[2023-08-30 11:26:35,964] base_page.py->locate_element line:20 [INFO] Locating element: ('xpath', '//*[@id="name1"]')
[2023-08-30 11:27:06,498] conftest.py->beginToend line:33 [INFO] ----------测试用例执行结束----------

[2023-08-30 11:27:08,574] conftest.py->beginToend line:25 [INFO] ----------测试用例执行开始----------
[2023-08-30 11:27:09,801] test_episodes.py->test_add_file line:52 [INFO] 1111
[2023-08-30 11:27:09,801] base_page.py->get line:15 [INFO] Loading url: http://admintest.xczxwe.com/admin/login.html
[2023-08-30 11:27:12,236] base_page.py->send_keys line:41 [INFO] Setting value for element: ('xpath', '/html/body/form/div[2]/input')
[2023-08-30 11:27:12,236] base_page.py->locate_element line:20 [INFO] Locating element: ('xpath', '/html/body/form/div[2]/input')
[2023-08-30 11:27:12,287] base_page.py->send_keys line:41 [INFO] Setting value for element: ('xpath', '/html/body/form/div[3]/input')
[2023-08-30 11:27:12,287] base_page.py->locate_element line:20 [INFO] Locating element: ('xpath', '/html/body/form/div[3]/input')
[2023-08-30 11:27:12,326] base_page.py->click line:64 [INFO] Clicking element: ('xpath', '/html/body/form/div[5]/button')
[2023-08-30 11:27:12,326] base_page.py->locate_element line:20 [INFO] Locating element: ('xpath', '/html/body/form/div[5]/button')
[2023-08-30 11:27:13,374] base_page.py->click line:64 [INFO] Clicking element: ('xpath', '//*[@id="sideMenu"]/div/ul/li[6]')
[2023-08-30 11:27:13,374] base_page.py->locate_element line:20 [INFO] Locating element: ('xpath', '//*[@id="sideMenu"]/div/ul/li[6]')
[2023-08-30 11:27:16,917] base_page.py->click line:64 [INFO] Clicking element: ('xpath', '//*[@id="sideMenu"]/div/ul/li[6]/dl/dd[3]/a')
[2023-08-30 11:27:16,917] base_page.py->locate_element line:20 [INFO] Locating element: ('xpath', '//*[@id="sideMenu"]/div/ul/li[6]/dl/dd[3]/a')
[2023-08-30 11:27:16,961] base_page.py->goto_frame line:75 [INFO] Entering iframe: ('xpath', '//*[@id="364"]')
[2023-08-30 11:27:16,961] base_page.py->locate_element line:20 [INFO] Locating element: ('xpath', '//*[@id="364"]')
[2023-08-30 11:27:17,040] base_page.py->click line:64 [INFO] Clicking element: ('xpath', '/html/body/div[2]/div/div/div[1]/div[1]/button[1]')
[2023-08-30 11:27:17,040] base_page.py->locate_element line:20 [INFO] Locating element: ('xpath', '/html/body/div[2]/div/div/div[1]/div[1]/button[1]')
[2023-08-30 11:27:17,853] base_page.py->goto_frame line:75 [INFO] Entering iframe: ('xpath', '//*[@id="layui-layer-iframe2"]')
[2023-08-30 11:27:17,853] base_page.py->locate_element line:20 [INFO] Locating element: ('xpath', '//*[@id="layui-layer-iframe2"]')
[2023-08-30 11:27:17,899] base_page.py->click line:64 [INFO] Clicking element: ('xpath', '/html/body/form/div[1]/div/div/div[1]/div/div/xm-select')
[2023-08-30 11:27:17,899] base_page.py->locate_element line:20 [INFO] Locating element: ('xpath', '/html/body/form/div[1]/div/div/div[1]/div/div/xm-select')
[2023-08-30 11:27:18,504] base_page.py->click line:64 [INFO] Clicking element: ('xpath', '/html/body/form/div[1]/div/div/div[1]/div/div/xm-select/div[3]/div/div/div[2]/div[1]/div')
[2023-08-30 11:27:18,504] base_page.py->locate_element line:20 [INFO] Locating element: ('xpath', '/html/body/form/div[1]/div/div/div[1]/div/div/xm-select/div[3]/div/div/div[2]/div[1]/div')
[2023-08-30 11:27:18,592] base_page.py->send_keys line:41 [INFO] Setting value for element: ('xpath', '//*[@id="name1"]')
[2023-08-30 11:27:18,592] base_page.py->locate_element line:20 [INFO] Locating element: ('xpath', '//*[@id="name1"]')
[2023-08-30 11:27:49,078] conftest.py->beginToend line:33 [INFO] ----------测试用例执行结束----------

[2023-08-30 11:32:03,887] conftest.py->beginToend line:25 [INFO] ----------测试用例执行开始----------
[2023-08-30 11:32:05,131] test_episodes.py->test_add_file line:52 [INFO] 1111
[2023-08-30 11:32:05,131] base_page.py->get line:15 [INFO] Loading url: http://admintest.xczxwe.com/admin/login.html
[2023-08-30 11:32:07,666] base_page.py->send_keys line:41 [INFO] Setting value for element: ('xpath', '/html/body/form/div[2]/input')
[2023-08-30 11:32:07,667] base_page.py->locate_element line:20 [INFO] Locating element: ('xpath', '/html/body/form/div[2]/input')
[2023-08-30 11:32:07,767] base_page.py->send_keys line:41 [INFO] Setting value for element: ('xpath', '/html/body/form/div[3]/input')
[2023-08-30 11:32:07,768] base_page.py->locate_element line:20 [INFO] Locating element: ('xpath', '/html/body/form/div[3]/input')
[2023-08-30 11:32:07,809] base_page.py->click line:64 [INFO] Clicking element: ('xpath', '/html/body/form/div[5]/button')
[2023-08-30 11:32:07,809] base_page.py->locate_element line:20 [INFO] Locating element: ('xpath', '/html/body/form/div[5]/button')
[2023-08-30 11:32:08,867] base_page.py->click line:64 [INFO] Clicking element: ('xpath', '//*[@id="sideMenu"]/div/ul/li[6]')
[2023-08-30 11:32:08,867] base_page.py->locate_element line:20 [INFO] Locating element: ('xpath', '//*[@id="sideMenu"]/div/ul/li[6]')
[2023-08-30 11:32:12,656] base_page.py->click line:64 [INFO] Clicking element: ('xpath', '//*[@id="sideMenu"]/div/ul/li[6]/dl/dd[3]/a')
[2023-08-30 11:32:12,656] base_page.py->locate_element line:20 [INFO] Locating element: ('xpath', '//*[@id="sideMenu"]/div/ul/li[6]/dl/dd[3]/a')
[2023-08-30 11:32:12,722] base_page.py->goto_frame line:75 [INFO] Entering iframe: ('xpath', '//*[@id="364"]')
[2023-08-30 11:32:12,722] base_page.py->locate_element line:20 [INFO] Locating element: ('xpath', '//*[@id="364"]')
[2023-08-30 11:32:12,819] base_page.py->click line:64 [INFO] Clicking element: ('xpath', '/html/body/div[2]/div/div/div[1]/div[1]/button[1]')
[2023-08-30 11:32:12,820] base_page.py->locate_element line:20 [INFO] Locating element: ('xpath', '/html/body/div[2]/div/div/div[1]/div[1]/button[1]')
[2023-08-30 11:32:13,588] base_page.py->goto_frame line:75 [INFO] Entering iframe: ('xpath', '//*[@id="layui-layer-iframe2"]')
[2023-08-30 11:32:13,588] base_page.py->locate_element line:20 [INFO] Locating element: ('xpath', '//*[@id="layui-layer-iframe2"]')
[2023-08-30 11:32:13,641] base_page.py->click line:64 [INFO] Clicking element: ('xpath', '/html/body/form/div[1]/div/div/div[1]/div/div/xm-select')
[2023-08-30 11:32:13,641] base_page.py->locate_element line:20 [INFO] Locating element: ('xpath', '/html/body/form/div[1]/div/div/div[1]/div/div/xm-select')
[2023-08-30 11:32:14,250] base_page.py->send_keys line:41 [INFO] Setting value for element: ('xpath', '/html/body/form/div[1]/div/div/div[1]/div/div/xm-select/div[3]/div/div/div[1]/input')
[2023-08-30 11:32:14,250] base_page.py->locate_element line:20 [INFO] Locating element: ('xpath', '/html/body/form/div[1]/div/div/div[1]/div/div/xm-select/div[3]/div/div/div[1]/input')
[2023-08-30 11:32:14,297] base_page.py->click line:64 [INFO] Clicking element: ('xpath', '/html/body/form/div[1]/div/div/div[1]/div/div/xm-select/div[3]/div/div/div[2]/div[1]/div')
[2023-08-30 11:32:14,297] base_page.py->locate_element line:20 [INFO] Locating element: ('xpath', '/html/body/form/div[1]/div/div/div[1]/div/div/xm-select/div[3]/div/div/div[2]/div[1]/div')
[2023-08-30 11:32:14,400] base_page.py->send_keys line:41 [INFO] Setting value for element: ('xpath', '//*[@id="name1"]')
[2023-08-30 11:32:14,400] base_page.py->locate_element line:20 [INFO] Locating element: ('xpath', '//*[@id="name1"]')
[2023-08-30 11:32:44,858] conftest.py->beginToend line:33 [INFO] ----------测试用例执行结束----------

[2023-08-30 11:32:46,957] conftest.py->beginToend line:25 [INFO] ----------测试用例执行开始----------
[2023-08-30 11:32:48,181] test_episodes.py->test_add_file line:52 [INFO] 1111
[2023-08-30 11:32:48,182] base_page.py->get line:15 [INFO] Loading url: http://admintest.xczxwe.com/admin/login.html
[2023-08-30 11:32:50,864] base_page.py->send_keys line:41 [INFO] Setting value for element: ('xpath', '/html/body/form/div[2]/input')
[2023-08-30 11:32:50,864] base_page.py->locate_element line:20 [INFO] Locating element: ('xpath', '/html/body/form/div[2]/input')
[2023-08-30 11:32:50,926] base_page.py->send_keys line:41 [INFO] Setting value for element: ('xpath', '/html/body/form/div[3]/input')
[2023-08-30 11:32:50,927] base_page.py->locate_element line:20 [INFO] Locating element: ('xpath', '/html/body/form/div[3]/input')
[2023-08-30 11:32:50,966] base_page.py->click line:64 [INFO] Clicking element: ('xpath', '/html/body/form/div[5]/button')
[2023-08-30 11:32:50,966] base_page.py->locate_element line:20 [INFO] Locating element: ('xpath', '/html/body/form/div[5]/button')
[2023-08-30 11:32:52,018] base_page.py->click line:64 [INFO] Clicking element: ('xpath', '//*[@id="sideMenu"]/div/ul/li[6]')
[2023-08-30 11:32:52,018] base_page.py->locate_element line:20 [INFO] Locating element: ('xpath', '//*[@id="sideMenu"]/div/ul/li[6]')
[2023-08-30 11:32:55,860] base_page.py->click line:64 [INFO] Clicking element: ('xpath', '//*[@id="sideMenu"]/div/ul/li[6]/dl/dd[3]/a')
[2023-08-30 11:32:55,861] base_page.py->locate_element line:20 [INFO] Locating element: ('xpath', '//*[@id="sideMenu"]/div/ul/li[6]/dl/dd[3]/a')
[2023-08-30 11:32:55,922] base_page.py->goto_frame line:75 [INFO] Entering iframe: ('xpath', '//*[@id="364"]')
[2023-08-30 11:32:55,922] base_page.py->locate_element line:20 [INFO] Locating element: ('xpath', '//*[@id="364"]')
[2023-08-30 11:32:56,011] base_page.py->click line:64 [INFO] Clicking element: ('xpath', '/html/body/div[2]/div/div/div[1]/div[1]/button[1]')
[2023-08-30 11:32:56,011] base_page.py->locate_element line:20 [INFO] Locating element: ('xpath', '/html/body/div[2]/div/div/div[1]/div[1]/button[1]')
[2023-08-30 11:32:56,764] base_page.py->goto_frame line:75 [INFO] Entering iframe: ('xpath', '//*[@id="layui-layer-iframe2"]')
[2023-08-30 11:32:56,765] base_page.py->locate_element line:20 [INFO] Locating element: ('xpath', '//*[@id="layui-layer-iframe2"]')
[2023-08-30 11:32:56,814] base_page.py->click line:64 [INFO] Clicking element: ('xpath', '/html/body/form/div[1]/div/div/div[1]/div/div/xm-select')
[2023-08-30 11:32:56,814] base_page.py->locate_element line:20 [INFO] Locating element: ('xpath', '/html/body/form/div[1]/div/div/div[1]/div/div/xm-select')
[2023-08-30 11:32:57,433] base_page.py->click line:64 [INFO] Clicking element: ('xpath', '/html/body/form/div[1]/div/div/div[1]/div/div/xm-select/div[3]/div/div/div[2]/div[1]/div')
[2023-08-30 11:32:57,433] base_page.py->locate_element line:20 [INFO] Locating element: ('xpath', '/html/body/form/div[1]/div/div/div[1]/div/div/xm-select/div[3]/div/div/div[2]/div[1]/div')
[2023-08-30 11:32:57,539] base_page.py->send_keys line:41 [INFO] Setting value for element: ('xpath', '//*[@id="name1"]')
[2023-08-30 11:32:57,539] base_page.py->locate_element line:20 [INFO] Locating element: ('xpath', '//*[@id="name1"]')
[2023-08-30 11:33:27,571] conftest.py->beginToend line:33 [INFO] ----------测试用例执行结束----------

